#
# A fatal error has been detected by the Java Runtime Environment:
#
#  Internal Error (javaClasses.cpp:129), pid=3744, tid=1524
#  fatal error: Invalid layout of preloaded class
#
# JRE version: 7.0_25-b17
# Java VM: Java HotSpot(TM) Client VM (23.25-b01 mixed mode windows-x86 )
# Failed to write core dump. Minidumps are not enabled by default on client versions of Windows
#
# If you would like to submit a bug report, please visit:
#   http://bugreport.sun.com/bugreport/crash.jsp
#

---------------  T H R E A D  ---------------

Current thread (0x009db400):  JavaThread "Unknown thread" [_thread_in_vm, id=1524, stack(0x00a30000,0x00a80000)]

Stack: [0x00a30000,0x00a80000],  sp=0x00a7f4dc,  free space=317k
Native frames: (J=compiled Java code, j=interpreted, Vv=VM code, C=native code)
V  [jvm.dll+0x167e31]
V  [jvm.dll+0x1620f6]
V  [jvm.dll+0x1f92f]
V  [jvm.dll+0x1f9b6]
V  [jvm.dll+0x2cffd]
V  [jvm.dll+0x2d2a9]
V  [jvm.dll+0x75351]
V  [jvm.dll+0x7570b]
V  [jvm.dll+0x123881]
V  [jvm.dll+0x1439cc]
V  [jvm.dll+0xa619f]
C  [javaw.exe+0x13ca]
C  [javaw.exe+0x1e3c]
C  [javaw.exe+0xa5b1]
C  [javaw.exe+0xa63b]
C  [KERNEL32.DLL+0x1793]  BaseThreadInitThunk+0x12
C  [ntdll.dll+0x5c206]  RtlCreateMemoryZone+0xc2
C  [ntdll.dll+0x5c1df]  RtlCreateMemoryZone+0x9b


---------------  P R O C E S S  ---------------

Java Threads: ( => current thread )

Other Threads:

=>0x009db400 (exited) JavaThread "Unknown thread" [_thread_in_vm, id=1524, stack(0x00a30000,0x00a80000)]

VM state:not at safepoint (not fully initialized)

VM Mutex/Monitor currently owned by a thread: None

GC Heap History (0 events):
No events

Deoptimization events (0 events):
No events

Internal exceptions (0 events):
No events

Events (10 events):
Event: 0.046 loading class 0x00aa47e8 done
Event: 0.046 loading class 0x00a85b08 done
Event: 0.046 loading class 0x00a85ab8
Event: 0.047 loading class 0x00aab490
Event: 0.047 loading class 0x00aab490 done
Event: 0.047 loading class 0x00aab5e0
Event: 0.047 loading class 0x00aab5e0 done
Event: 0.047 loading class 0x00af29d0
Event: 0.047 loading class 0x00af29d0 done
Event: 0.047 loading class 0x00a85ab8 done


Dynamic libraries:
0x012e0000 - 0x0130f000 	C:\Program Files\Java\jre7\bin\javaw.exe
0x77a70000 - 0x77bd4000 	C:\Windows\SYSTEM32\ntdll.dll
0x763d0000 - 0x764c8000 	C:\Windows\system32\KERNEL32.DLL
0x755e0000 - 0x756b1000 	C:\Windows\system32\KERNELBASE.dll
0x74490000 - 0x7452a000 	C:\Windows\system32\apphelp.dll
0x53da0000 - 0x53ff2000 	C:\Windows\AppPatch\AcGenral.DLL
0x76310000 - 0x763ce000 	C:\Windows\system32\msvcrt.dll
0x76050000 - 0x7608e000 	C:\Windows\SYSTEM32\sechost.dll
0x753a0000 - 0x753c2000 	C:\Windows\SYSTEM32\SspiCli.dll
0x77a00000 - 0x77a41000 	C:\Windows\system32\SHLWAPI.dll
0x74570000 - 0x74652000 	C:\Windows\SYSTEM32\UxTheme.dll
0x76090000 - 0x761db000 	C:\Windows\system32\USER32.dll
0x777d0000 - 0x778d9000 	C:\Windows\system32\GDI32.dll
0x6a850000 - 0x6a870000 	C:\Windows\SYSTEM32\WINMM.dll
0x70d20000 - 0x70d32000 	C:\Windows\SYSTEM32\samcli.dll
0x778f0000 - 0x779fb000 	C:\Windows\system32\ole32.dll
0x758c0000 - 0x75947000 	C:\Windows\system32\OLEAUT32.dll
0x724e0000 - 0x724f5000 	C:\Windows\SYSTEM32\MSACM32.dll
0x6a870000 - 0x6a878000 	C:\Windows\SYSTEM32\VERSION.dll
0x76620000 - 0x777c4000 	C:\Windows\system32\SHELL32.dll
0x74d10000 - 0x74d29000 	C:\Windows\SYSTEM32\USERENV.dll
0x73d60000 - 0x73d79000 	C:\Windows\SYSTEM32\dwmapi.dll
0x71ac0000 - 0x71be4000 	C:\Windows\SYSTEM32\urlmon.dll
0x75cb0000 - 0x75d27000 	C:\Windows\system32\ADVAPI32.dll
0x68fd0000 - 0x6902e000 	C:\Windows\SYSTEM32\WINSPOOL.DRV
0x6eeb0000 - 0x6eec4000 	C:\Windows\SYSTEM32\MPR.dll
0x759c0000 - 0x75a84000 	C:\Windows\system32\RPCRT4.dll
0x764d0000 - 0x7661e000 	C:\Windows\SYSTEM32\combase.dll
0x6a830000 - 0x6a850000 	C:\Windows\SYSTEM32\WINMMBASE.dll
0x754d0000 - 0x754de000 	C:\Windows\SYSTEM32\profapi.dll
0x71890000 - 0x71aa7000 	C:\Windows\SYSTEM32\iertutil.dll
0x71660000 - 0x71824000 	C:\Windows\SYSTEM32\WININET.dll
0x756c0000 - 0x756fa000 	C:\Windows\SYSTEM32\cfgmgr32.dll
0x746b0000 - 0x746cf000 	C:\Windows\SYSTEM32\DEVOBJ.dll
0x75ef0000 - 0x75f67000 	C:\Windows\system32\SHCORE.DLL
0x762e0000 - 0x76305000 	C:\Windows\system32\IMM32.DLL
0x761e0000 - 0x762d7000 	C:\Windows\system32\MSCTF.dll
0x73930000 - 0x73b15000 	C:\Windows\WinSxS\x86_microsoft.windows.common-controls_6595b64144ccf1df_6.0.9600.16384_none_a9f4965301334e09\COMCTL32.dll
0x5ee00000 - 0x5eebe000 	C:\Program Files\Java\jre7\bin\msvcr100.dll
0x5eec0000 - 0x5f202000 	C:\Program Files\Java\jre7\bin\client\jvm.dll
0x6fbc0000 - 0x6fbc8000 	C:\Windows\SYSTEM32\WSOCK32.dll
0x778e0000 - 0x778e6000 	C:\Windows\system32\PSAPI.DLL
0x76000000 - 0x7604d000 	C:\Windows\system32\WS2_32.dll
0x75d30000 - 0x75d37000 	C:\Windows\system32\NSI.dll
0x73690000 - 0x7369c000 	C:\Program Files\Java\jre7\bin\verify.dll
0x694f0000 - 0x69510000 	C:\Program Files\Java\jre7\bin\java.dll
0x693c0000 - 0x693d3000 	C:\Program Files\Java\jre7\bin\zip.dll
0x5f210000 - 0x5f358000 	C:\Windows\SYSTEM32\dbghelp.dll

VM Arguments:
jvm_args: -Dfile.encoding=Cp1252 -Xbootclasspath:E:\Kuliah\semester 5\RPL\adt-bundle-windows-x86-20130729\adt-bundle-windows-x86-20130729\sdk\platforms\android-18\android.jar 
java_command: org.eclipse.jdt.internal.junit.runner.RemoteTestRunner -version 3 -port 51835 -testLoaderClass org.eclipse.jdt.internal.junit4.runner.JUnit4TestLoader -loaderpluginname org.eclipse.jdt.junit4.runtime -classNames com.menguasaimipasks.app.MainActivityTest
Launcher Type: SUN_STANDARD

Environment Variables:
PATH=C:/Program Files/Java/jre7/bin/client;C:/Program Files/Java/jre7/bin;C:/Program Files/Java/jre7/lib/i386;C:\Program Files\NVIDIA Corporation\PhysX\Common;C:\Windows\system32;C:\Windows;C:\Windows\System32\Wbem;C:\Windows\System32\WindowsPowerShell\v1.0\;C:\Program Files\Bitvise SSH Client;C:\Program Files\Git\cmd;C:\Program Files\Git\bin;C:\Program Files\Java\jdk1.7.0_25\bin;C:\Program Files\Java\jre7\bin;E:\Kuliah\semester 5\RPL\adt-bundle-windows-x86-20130729\adt-bundle-windows-x86-20130729\eclipse;
USERNAME=arwanda
OS=Windows_NT
PROCESSOR_IDENTIFIER=x86 Family 6 Model 23 Stepping 10, GenuineIntel



---------------  S Y S T E M  ---------------

OS: Windows 8 Build 9200 

CPU:total 2 (2 cores per cpu, 1 threads per core) family 6 model 23 stepping 10, cmov, cx8, fxsr, mmx, sse, sse2, sse3, ssse3, sse4.1, tsc

Memory: 4k page, physical 2056800k(669804k free), swap 3760736k(1663396k free)

vm_info: Java HotSpot(TM) Client VM (23.25-b01) for windows-x86 JRE (1.7.0_25-b17), built on Jun 21 2013 13:06:48 by "java_re" with unknown MS VC++:1600

time: Sun Dec 21 22:52:00 2014
elapsed time: 0 seconds

